<?xml version="1.0" encoding="UTF-8"?>
<testsuite name="com.jojoldu.book.springboot.web.IndexControllerTest" tests="1" skipped="0" failures="0" errors="0" timestamp="2022-12-26T09:33:14" hostname="DESKTOP-VLJSDAO" time="0.205">
  <properties/>
  <testcase name="메인페이지_로딩()" classname="com.jojoldu.book.springboot.web.IndexControllerTest" time="0.205"/>
  <system-out><![CDATA[2022-12-26 18:33:12.209  INFO 11012 --- [    Test worker] .b.t.c.SpringBootTestContextBootstrapper : Neither @ContextConfiguration nor @ContextHierarchy found for test class [com.jojoldu.book.springboot.web.IndexControllerTest], using SpringBootContextLoader
2022-12-26 18:33:12.210  INFO 11012 --- [    Test worker] o.s.t.c.support.AbstractContextLoader    : Could not detect default resource locations for test class [com.jojoldu.book.springboot.web.IndexControllerTest]: no resource found for suffixes {-context.xml, Context.groovy}.
2022-12-26 18:33:12.211  INFO 11012 --- [    Test worker] t.c.s.AnnotationConfigContextLoaderUtils : Could not detect default configuration classes for test class [com.jojoldu.book.springboot.web.IndexControllerTest]: IndexControllerTest does not declare any static, non-private, non-final, nested classes annotated with @Configuration.
2022-12-26 18:33:12.215  INFO 11012 --- [    Test worker] .b.t.c.SpringBootTestContextBootstrapper : Found @SpringBootConfiguration com.jojoldu.book.springboot.Application for test class com.jojoldu.book.springboot.web.IndexControllerTest
2022-12-26 18:33:12.217  INFO 11012 --- [    Test worker] .b.t.c.SpringBootTestContextBootstrapper : Loaded default TestExecutionListener class names from location [META-INF/spring.factories]: [org.springframework.security.test.context.support.WithSecurityContextTestExecutionListener, org.springframework.security.test.context.support.ReactorContextTestExecutionListener, org.springframework.boot.test.autoconfigure.restdocs.RestDocsTestExecutionListener, org.springframework.boot.test.autoconfigure.web.client.MockRestServiceServerResetTestExecutionListener, org.springframework.boot.test.autoconfigure.web.servlet.MockMvcPrintOnlyOnFailureTestExecutionListener, org.springframework.boot.test.autoconfigure.web.servlet.WebDriverTestExecutionListener, org.springframework.boot.test.autoconfigure.webservices.client.MockWebServiceServerTestExecutionListener, org.springframework.boot.test.mock.mockito.MockitoTestExecutionListener, org.springframework.boot.test.mock.mockito.ResetMocksTestExecutionListener, org.springframework.test.context.web.ServletTestExecutionListener, org.springframework.test.context.support.DirtiesContextBeforeModesTestExecutionListener, org.springframework.test.context.support.DependencyInjectionTestExecutionListener, org.springframework.test.context.support.DirtiesContextTestExecutionListener, org.springframework.test.context.transaction.TransactionalTestExecutionListener, org.springframework.test.context.jdbc.SqlScriptsTestExecutionListener, org.springframework.test.context.event.EventPublishingTestExecutionListener]
2022-12-26 18:33:12.219  INFO 11012 --- [    Test worker] .b.t.c.SpringBootTestContextBootstrapper : Using TestExecutionListeners: [org.springframework.test.context.web.ServletTestExecutionListener@6be0683b, org.springframework.test.context.support.DirtiesContextBeforeModesTestExecutionListener@12aa0562, org.springframework.boot.test.mock.mockito.MockitoTestExecutionListener@2cd6a655, org.springframework.boot.test.autoconfigure.SpringBootDependencyInjectionTestExecutionListener@25106d59, org.springframework.test.context.support.DirtiesContextTestExecutionListener@4d597870, org.springframework.test.context.transaction.TransactionalTestExecutionListener@f9af5ac, org.springframework.test.context.jdbc.SqlScriptsTestExecutionListener@16670e04, org.springframework.security.test.context.support.WithSecurityContextTestExecutionListener@30bbc334, org.springframework.test.context.event.EventPublishingTestExecutionListener@3627a7ab, org.springframework.security.test.context.support.ReactorContextTestExecutionListener@6e480356, org.springframework.boot.test.autoconfigure.restdocs.RestDocsTestExecutionListener@40f137b5, org.springframework.boot.test.autoconfigure.web.client.MockRestServiceServerResetTestExecutionListener@2ebdeefc, org.springframework.boot.test.autoconfigure.web.servlet.MockMvcPrintOnlyOnFailureTestExecutionListener@25ac0e7f, org.springframework.boot.test.autoconfigure.web.servlet.WebDriverTestExecutionListener@bd0eb2f, org.springframework.boot.test.autoconfigure.webservices.client.MockWebServiceServerTestExecutionListener@42d5397f, org.springframework.boot.test.mock.mockito.ResetMocksTestExecutionListener@3def5d7]

  .   ____          _            __ _ _
 /\\ / ___'_ __ _ _(_)_ __  __ _ \ \ \ \
( ( )\___ | '_ | '_| | '_ \/ _` | \ \ \ \
 \\/  ___)| |_)| | | | | || (_| |  ) ) ) )
  '  |____| .__|_| |_|_| |_\__, | / / / /
 =========|_|==============|___/=/_/_/_/
 :: Spring Boot ::                (v2.4.1)

2022-12-26 18:33:12.259  INFO 11012 --- [    Test worker] c.j.b.s.web.IndexControllerTest          : Starting IndexControllerTest using Java 1.8.0_321 on DESKTOP-VLJSDAO with PID 11012 (started by whwwh in C:\Users\whwwh\OneDrive\바탕 화면\freelec-springboot2-webservice)
2022-12-26 18:33:12.260  INFO 11012 --- [    Test worker] c.j.b.s.web.IndexControllerTest          : No active profile set, falling back to default profiles: default
2022-12-26 18:33:12.505  INFO 11012 --- [    Test worker] .s.d.r.c.RepositoryConfigurationDelegate : Bootstrapping Spring Data JPA repositories in DEFAULT mode.
2022-12-26 18:33:12.529  INFO 11012 --- [    Test worker] .s.d.r.c.RepositoryConfigurationDelegate : Finished Spring Data repository scanning in 23 ms. Found 2 JPA repository interfaces.
2022-12-26 18:33:13.124  INFO 11012 --- [    Test worker] o.s.b.w.embedded.tomcat.TomcatWebServer  : Tomcat initialized with port(s): 0 (http)
2022-12-26 18:33:13.150  INFO 11012 --- [    Test worker] o.apache.catalina.core.StandardService   : Starting service [Tomcat]
2022-12-26 18:33:13.151  INFO 11012 --- [    Test worker] org.apache.catalina.core.StandardEngine  : Starting Servlet engine: [Apache Tomcat/9.0.41]
2022-12-26 18:33:13.418  INFO 11012 --- [    Test worker] o.a.c.c.C.[Tomcat].[localhost].[/]       : Initializing Spring embedded WebApplicationContext
2022-12-26 18:33:13.419  INFO 11012 --- [    Test worker] w.s.c.ServletWebServerApplicationContext : Root WebApplicationContext: initialization completed in 1154 ms
2022-12-26 18:33:13.639  INFO 11012 --- [    Test worker] com.zaxxer.hikari.HikariDataSource       : HikariPool-2 - Starting...
2022-12-26 18:33:13.640  INFO 11012 --- [    Test worker] com.zaxxer.hikari.HikariDataSource       : HikariPool-2 - Start completed.
2022-12-26 18:33:13.672  INFO 11012 --- [    Test worker] o.hibernate.jpa.internal.util.LogHelper  : HHH000204: Processing PersistenceUnitInfo [name: default]
2022-12-26 18:33:13.681  INFO 11012 --- [    Test worker] org.hibernate.dialect.Dialect            : HHH000400: Using dialect: org.hibernate.dialect.MySQL57Dialect
2022-12-26 18:33:13.764  INFO 11012 --- [    Test worker] o.h.e.t.j.p.i.JtaPlatformInitiator       : HHH000490: Using JtaPlatform implementation: [org.hibernate.engine.transaction.jta.platform.internal.NoJtaPlatform]
2022-12-26 18:33:13.765  INFO 11012 --- [    Test worker] j.LocalContainerEntityManagerFactoryBean : Initialized JPA EntityManagerFactory for persistence unit 'default'
2022-12-26 18:33:14.086  WARN 11012 --- [    Test worker] JpaBaseConfiguration$JpaWebConfiguration : spring.jpa.open-in-view is enabled by default. Therefore, database queries may be performed during view rendering. Explicitly configure spring.jpa.open-in-view to disable this warning
2022-12-26 18:33:14.309  INFO 11012 --- [    Test worker] o.s.s.web.DefaultSecurityFilterChain     : Will secure any request with [org.springframework.security.web.context.request.async.WebAsyncManagerIntegrationFilter@306ebdaf, org.springframework.security.web.context.SecurityContextPersistenceFilter@4b77f57a, org.springframework.security.web.header.HeaderWriterFilter@3844758a, org.springframework.security.web.authentication.logout.LogoutFilter@66ad84f0, org.springframework.security.oauth2.client.web.OAuth2AuthorizationRequestRedirectFilter@28ed53e0, org.springframework.security.oauth2.client.web.OAuth2LoginAuthenticationFilter@7f49e935, org.springframework.security.web.authentication.ui.DefaultLoginPageGeneratingFilter@5ce06f0c, org.springframework.security.web.authentication.ui.DefaultLogoutPageGeneratingFilter@63d238d1, org.springframework.security.web.savedrequest.RequestCacheAwareFilter@73d7af81, org.springframework.security.web.servletapi.SecurityContextHolderAwareRequestFilter@68a46c54, org.springframework.security.web.authentication.AnonymousAuthenticationFilter@21e21518, org.springframework.security.web.session.SessionManagementFilter@1b05fea2, org.springframework.security.web.access.ExceptionTranslationFilter@29423b5e, org.springframework.security.web.access.intercept.FilterSecurityInterceptor@f4b848f]
2022-12-26 18:33:14.471  INFO 11012 --- [    Test worker] o.s.s.concurrent.ThreadPoolTaskExecutor  : Initializing ExecutorService 'applicationTaskExecutor'
2022-12-26 18:33:14.509  INFO 11012 --- [    Test worker] o.s.b.a.w.s.WelcomePageHandlerMapping    : Adding welcome page template: index
2022-12-26 18:33:14.834  INFO 11012 --- [    Test worker] o.s.b.w.embedded.tomcat.TomcatWebServer  : Tomcat started on port(s): 55857 (http) with context path ''
2022-12-26 18:33:14.837  INFO 11012 --- [    Test worker] s.a.ScheduledAnnotationBeanPostProcessor : No TaskScheduler/ScheduledExecutorService bean found for scheduled processing
2022-12-26 18:33:14.838  INFO 11012 --- [    Test worker] c.j.b.s.web.IndexControllerTest          : Started IndexControllerTest in 2.617 seconds (JVM running for 13.43)
2022-12-26 18:33:14.955  INFO 11012 --- [o-auto-1-exec-1] o.a.c.c.C.[Tomcat].[localhost].[/]       : Initializing Spring DispatcherServlet 'dispatcherServlet'
2022-12-26 18:33:14.955  INFO 11012 --- [o-auto-1-exec-1] o.s.web.servlet.DispatcherServlet        : Initializing Servlet 'dispatcherServlet'
2022-12-26 18:33:14.956  INFO 11012 --- [o-auto-1-exec-1] o.s.web.servlet.DispatcherServlet        : Completed initialization in 1 ms
]]></system-out>
  <system-err><![CDATA[]]></system-err>
</testsuite>
