<?xml version="1.0" encoding="UTF-8"?>
<testsuite name="com.jojoldu.book.springboot.web.IndexControllerTest" tests="1" skipped="0" failures="0" errors="0" timestamp="2022-12-26T13:37:52" hostname="DESKTOP-VLJSDAO" time="0.223">
  <properties/>
  <testcase name="메인페이지_로딩()" classname="com.jojoldu.book.springboot.web.IndexControllerTest" time="0.223"/>
  <system-out><![CDATA[2022-12-26 22:37:50.648  INFO 14652 --- [    Test worker] .b.t.c.SpringBootTestContextBootstrapper : Neither @ContextConfiguration nor @ContextHierarchy found for test class [com.jojoldu.book.springboot.web.IndexControllerTest], using SpringBootContextLoader
2022-12-26 22:37:50.650  INFO 14652 --- [    Test worker] o.s.t.c.support.AbstractContextLoader    : Could not detect default resource locations for test class [com.jojoldu.book.springboot.web.IndexControllerTest]: no resource found for suffixes {-context.xml, Context.groovy}.
2022-12-26 22:37:50.650  INFO 14652 --- [    Test worker] t.c.s.AnnotationConfigContextLoaderUtils : Could not detect default configuration classes for test class [com.jojoldu.book.springboot.web.IndexControllerTest]: IndexControllerTest does not declare any static, non-private, non-final, nested classes annotated with @Configuration.
2022-12-26 22:37:50.653  INFO 14652 --- [    Test worker] .b.t.c.SpringBootTestContextBootstrapper : Found @SpringBootConfiguration com.jojoldu.book.springboot.Application for test class com.jojoldu.book.springboot.web.IndexControllerTest
2022-12-26 22:37:50.655  INFO 14652 --- [    Test worker] .b.t.c.SpringBootTestContextBootstrapper : Loaded default TestExecutionListener class names from location [META-INF/spring.factories]: [org.springframework.security.test.context.support.WithSecurityContextTestExecutionListener, org.springframework.security.test.context.support.ReactorContextTestExecutionListener, org.springframework.boot.test.autoconfigure.restdocs.RestDocsTestExecutionListener, org.springframework.boot.test.autoconfigure.web.client.MockRestServiceServerResetTestExecutionListener, org.springframework.boot.test.autoconfigure.web.servlet.MockMvcPrintOnlyOnFailureTestExecutionListener, org.springframework.boot.test.autoconfigure.web.servlet.WebDriverTestExecutionListener, org.springframework.boot.test.autoconfigure.webservices.client.MockWebServiceServerTestExecutionListener, org.springframework.boot.test.mock.mockito.MockitoTestExecutionListener, org.springframework.boot.test.mock.mockito.ResetMocksTestExecutionListener, org.springframework.test.context.web.ServletTestExecutionListener, org.springframework.test.context.support.DirtiesContextBeforeModesTestExecutionListener, org.springframework.test.context.support.DependencyInjectionTestExecutionListener, org.springframework.test.context.support.DirtiesContextTestExecutionListener, org.springframework.test.context.transaction.TransactionalTestExecutionListener, org.springframework.test.context.jdbc.SqlScriptsTestExecutionListener, org.springframework.test.context.event.EventPublishingTestExecutionListener]
2022-12-26 22:37:50.656  INFO 14652 --- [    Test worker] .b.t.c.SpringBootTestContextBootstrapper : Using TestExecutionListeners: [org.springframework.test.context.web.ServletTestExecutionListener@2b0c2617, org.springframework.test.context.support.DirtiesContextBeforeModesTestExecutionListener@7acb7390, org.springframework.boot.test.mock.mockito.MockitoTestExecutionListener@7dc5a491, org.springframework.boot.test.autoconfigure.SpringBootDependencyInjectionTestExecutionListener@5c1215, org.springframework.test.context.support.DirtiesContextTestExecutionListener@4a2aa097, org.springframework.test.context.transaction.TransactionalTestExecutionListener@6bdc1db1, org.springframework.test.context.jdbc.SqlScriptsTestExecutionListener@3beddd77, org.springframework.security.test.context.support.WithSecurityContextTestExecutionListener@5b41bca5, org.springframework.test.context.event.EventPublishingTestExecutionListener@44f09142, org.springframework.security.test.context.support.ReactorContextTestExecutionListener@4f4a3df8, org.springframework.boot.test.autoconfigure.restdocs.RestDocsTestExecutionListener@1a994703, org.springframework.boot.test.autoconfigure.web.client.MockRestServiceServerResetTestExecutionListener@4ceb7461, org.springframework.boot.test.autoconfigure.web.servlet.MockMvcPrintOnlyOnFailureTestExecutionListener@c51963f, org.springframework.boot.test.autoconfigure.web.servlet.WebDriverTestExecutionListener@126acfb0, org.springframework.boot.test.autoconfigure.webservices.client.MockWebServiceServerTestExecutionListener@421b23a1, org.springframework.boot.test.mock.mockito.ResetMocksTestExecutionListener@55c41fff]

  .   ____          _            __ _ _
 /\\ / ___'_ __ _ _(_)_ __  __ _ \ \ \ \
( ( )\___ | '_ | '_| | '_ \/ _` | \ \ \ \
 \\/  ___)| |_)| | | | | || (_| |  ) ) ) )
  '  |____| .__|_| |_|_| |_\__, | / / / /
 =========|_|==============|___/=/_/_/_/
 :: Spring Boot ::                (v2.4.1)

2022-12-26 22:37:50.699  INFO 14652 --- [    Test worker] c.j.b.s.web.IndexControllerTest          : Starting IndexControllerTest using Java 1.8.0_321 on DESKTOP-VLJSDAO with PID 14652 (started by whwwh in C:\Users\whwwh\OneDrive\바탕 화면\freelec-springboot2-webservice)
2022-12-26 22:37:50.700  INFO 14652 --- [    Test worker] c.j.b.s.web.IndexControllerTest          : No active profile set, falling back to default profiles: default
2022-12-26 22:37:50.961  INFO 14652 --- [    Test worker] .s.d.r.c.RepositoryConfigurationDelegate : Bootstrapping Spring Data JPA repositories in DEFAULT mode.
2022-12-26 22:37:50.984  INFO 14652 --- [    Test worker] .s.d.r.c.RepositoryConfigurationDelegate : Finished Spring Data repository scanning in 22 ms. Found 2 JPA repository interfaces.
2022-12-26 22:37:51.388  INFO 14652 --- [    Test worker] o.s.b.w.embedded.tomcat.TomcatWebServer  : Tomcat initialized with port(s): 0 (http)
2022-12-26 22:37:51.406  INFO 14652 --- [    Test worker] o.apache.catalina.core.StandardService   : Starting service [Tomcat]
2022-12-26 22:37:51.406  INFO 14652 --- [    Test worker] org.apache.catalina.core.StandardEngine  : Starting Servlet engine: [Apache Tomcat/9.0.41]
2022-12-26 22:37:51.566  INFO 14652 --- [    Test worker] o.a.c.c.C.[Tomcat].[localhost].[/]       : Initializing Spring embedded WebApplicationContext
2022-12-26 22:37:51.566  INFO 14652 --- [    Test worker] w.s.c.ServletWebServerApplicationContext : Root WebApplicationContext: initialization completed in 863 ms
2022-12-26 22:37:51.721  INFO 14652 --- [    Test worker] com.zaxxer.hikari.HikariDataSource       : HikariPool-2 - Starting...
2022-12-26 22:37:51.722  INFO 14652 --- [    Test worker] com.zaxxer.hikari.HikariDataSource       : HikariPool-2 - Start completed.
2022-12-26 22:37:51.748  INFO 14652 --- [    Test worker] o.hibernate.jpa.internal.util.LogHelper  : HHH000204: Processing PersistenceUnitInfo [name: default]
2022-12-26 22:37:51.755  INFO 14652 --- [    Test worker] org.hibernate.dialect.Dialect            : HHH000400: Using dialect: org.hibernate.dialect.MySQL57Dialect
2022-12-26 22:37:51.822  INFO 14652 --- [    Test worker] o.h.e.t.j.p.i.JtaPlatformInitiator       : HHH000490: Using JtaPlatform implementation: [org.hibernate.engine.transaction.jta.platform.internal.NoJtaPlatform]
2022-12-26 22:37:51.822  INFO 14652 --- [    Test worker] j.LocalContainerEntityManagerFactoryBean : Initialized JPA EntityManagerFactory for persistence unit 'default'
2022-12-26 22:37:52.089  WARN 14652 --- [    Test worker] JpaBaseConfiguration$JpaWebConfiguration : spring.jpa.open-in-view is enabled by default. Therefore, database queries may be performed during view rendering. Explicitly configure spring.jpa.open-in-view to disable this warning
2022-12-26 22:37:52.327  INFO 14652 --- [    Test worker] o.s.s.web.DefaultSecurityFilterChain     : Will secure any request with [org.springframework.security.web.context.request.async.WebAsyncManagerIntegrationFilter@4462c135, org.springframework.security.web.context.SecurityContextPersistenceFilter@28e5f689, org.springframework.security.web.header.HeaderWriterFilter@eeb7913, org.springframework.security.web.authentication.logout.LogoutFilter@3b6c1953, org.springframework.security.oauth2.client.web.OAuth2AuthorizationRequestRedirectFilter@3dcff5c, org.springframework.security.oauth2.client.web.OAuth2LoginAuthenticationFilter@47c6f229, org.springframework.security.web.authentication.ui.DefaultLoginPageGeneratingFilter@6ff1d2e2, org.springframework.security.web.authentication.ui.DefaultLogoutPageGeneratingFilter@494178c6, org.springframework.security.web.savedrequest.RequestCacheAwareFilter@6fabc50, org.springframework.security.web.servletapi.SecurityContextHolderAwareRequestFilter@538c7e7d, org.springframework.security.web.authentication.AnonymousAuthenticationFilter@2d0348ad, org.springframework.security.web.session.SessionManagementFilter@55bd2f89, org.springframework.security.web.access.ExceptionTranslationFilter@b04a6bb, org.springframework.security.web.access.intercept.FilterSecurityInterceptor@21d58f70]
2022-12-26 22:37:52.481  INFO 14652 --- [    Test worker] o.s.s.concurrent.ThreadPoolTaskExecutor  : Initializing ExecutorService 'applicationTaskExecutor'
2022-12-26 22:37:52.521  INFO 14652 --- [    Test worker] o.s.b.a.w.s.WelcomePageHandlerMapping    : Adding welcome page template: index
2022-12-26 22:37:52.775  INFO 14652 --- [    Test worker] o.s.b.w.embedded.tomcat.TomcatWebServer  : Tomcat started on port(s): 53691 (http) with context path ''
2022-12-26 22:37:52.779  INFO 14652 --- [    Test worker] s.a.ScheduledAnnotationBeanPostProcessor : No TaskScheduler/ScheduledExecutorService bean found for scheduled processing
2022-12-26 22:37:52.780  INFO 14652 --- [    Test worker] c.j.b.s.web.IndexControllerTest          : Started IndexControllerTest in 2.12 seconds (JVM running for 12.208)
2022-12-26 22:37:52.913  INFO 14652 --- [o-auto-1-exec-1] o.a.c.c.C.[Tomcat].[localhost].[/]       : Initializing Spring DispatcherServlet 'dispatcherServlet'
2022-12-26 22:37:52.913  INFO 14652 --- [o-auto-1-exec-1] o.s.web.servlet.DispatcherServlet        : Initializing Servlet 'dispatcherServlet'
2022-12-26 22:37:52.914  INFO 14652 --- [o-auto-1-exec-1] o.s.web.servlet.DispatcherServlet        : Completed initialization in 1 ms
]]></system-out>
  <system-err><![CDATA[]]></system-err>
</testsuite>
