<?xml version="1.0" encoding="UTF-8"?>
<testsuite name="com.jojoldu.book.springboot.web.HelloControllerTest" tests="2" skipped="0" failures="0" errors="0" timestamp="2022-12-26T13:37:50" hostname="DESKTOP-VLJSDAO" time="0.21">
  <properties/>
  <testcase name="hellodto가_리턴된다()" classname="com.jojoldu.book.springboot.web.HelloControllerTest" time="0.197"/>
  <testcase name="hello가_리턴된다()" classname="com.jojoldu.book.springboot.web.HelloControllerTest" time="0.012"/>
  <system-out><![CDATA[2022-12-26 22:37:49.456  INFO 14652 --- [    Test worker] .b.t.a.w.s.WebMvcTestContextBootstrapper : Neither @ContextConfiguration nor @ContextHierarchy found for test class [com.jojoldu.book.springboot.web.HelloControllerTest], using SpringBootContextLoader
2022-12-26 22:37:49.457  INFO 14652 --- [    Test worker] o.s.t.c.support.AbstractContextLoader    : Could not detect default resource locations for test class [com.jojoldu.book.springboot.web.HelloControllerTest]: no resource found for suffixes {-context.xml, Context.groovy}.
2022-12-26 22:37:49.457  INFO 14652 --- [    Test worker] t.c.s.AnnotationConfigContextLoaderUtils : Could not detect default configuration classes for test class [com.jojoldu.book.springboot.web.HelloControllerTest]: HelloControllerTest does not declare any static, non-private, non-final, nested classes annotated with @Configuration.
2022-12-26 22:37:49.483  INFO 14652 --- [    Test worker] .b.t.c.SpringBootTestContextBootstrapper : Found @SpringBootConfiguration com.jojoldu.book.springboot.Application for test class com.jojoldu.book.springboot.web.HelloControllerTest
2022-12-26 22:37:49.484  INFO 14652 --- [    Test worker] .b.t.a.w.s.WebMvcTestContextBootstrapper : Loaded default TestExecutionListener class names from location [META-INF/spring.factories]: [org.springframework.security.test.context.support.WithSecurityContextTestExecutionListener, org.springframework.security.test.context.support.ReactorContextTestExecutionListener, org.springframework.boot.test.autoconfigure.restdocs.RestDocsTestExecutionListener, org.springframework.boot.test.autoconfigure.web.client.MockRestServiceServerResetTestExecutionListener, org.springframework.boot.test.autoconfigure.web.servlet.MockMvcPrintOnlyOnFailureTestExecutionListener, org.springframework.boot.test.autoconfigure.web.servlet.WebDriverTestExecutionListener, org.springframework.boot.test.autoconfigure.webservices.client.MockWebServiceServerTestExecutionListener, org.springframework.boot.test.mock.mockito.MockitoTestExecutionListener, org.springframework.boot.test.mock.mockito.ResetMocksTestExecutionListener, org.springframework.test.context.web.ServletTestExecutionListener, org.springframework.test.context.support.DirtiesContextBeforeModesTestExecutionListener, org.springframework.test.context.support.DependencyInjectionTestExecutionListener, org.springframework.test.context.support.DirtiesContextTestExecutionListener, org.springframework.test.context.transaction.TransactionalTestExecutionListener, org.springframework.test.context.jdbc.SqlScriptsTestExecutionListener, org.springframework.test.context.event.EventPublishingTestExecutionListener]
2022-12-26 22:37:49.486  INFO 14652 --- [    Test worker] .b.t.a.w.s.WebMvcTestContextBootstrapper : Using TestExecutionListeners: [org.springframework.test.context.web.ServletTestExecutionListener@1cf3bc31, org.springframework.test.context.support.DirtiesContextBeforeModesTestExecutionListener@10f2d228, org.springframework.boot.test.mock.mockito.MockitoTestExecutionListener@3e21cf66, org.springframework.boot.test.autoconfigure.SpringBootDependencyInjectionTestExecutionListener@5bc8dd0b, org.springframework.test.context.support.DirtiesContextTestExecutionListener@5adbf077, org.springframework.test.context.transaction.TransactionalTestExecutionListener@5c3e0a96, org.springframework.test.context.jdbc.SqlScriptsTestExecutionListener@6cd4b488, org.springframework.security.test.context.support.WithSecurityContextTestExecutionListener@71e91c9c, org.springframework.test.context.event.EventPublishingTestExecutionListener@7434029e, org.springframework.security.test.context.support.ReactorContextTestExecutionListener@5872cc34, org.springframework.boot.test.autoconfigure.restdocs.RestDocsTestExecutionListener@11cb5346, org.springframework.boot.test.autoconfigure.web.client.MockRestServiceServerResetTestExecutionListener@28ffa01f, org.springframework.boot.test.autoconfigure.web.servlet.MockMvcPrintOnlyOnFailureTestExecutionListener@7c8b776c, org.springframework.boot.test.autoconfigure.web.servlet.WebDriverTestExecutionListener@32d607a5, org.springframework.boot.test.autoconfigure.webservices.client.MockWebServiceServerTestExecutionListener@79cc33da, org.springframework.boot.test.mock.mockito.ResetMocksTestExecutionListener@2ce69ba4]

  .   ____          _            __ _ _
 /\\ / ___'_ __ _ _(_)_ __  __ _ \ \ \ \
( ( )\___ | '_ | '_| | '_ \/ _` | \ \ \ \
 \\/  ___)| |_)| | | | | || (_| |  ) ) ) )
  '  |____| .__|_| |_|_| |_\__, | / / / /
 =========|_|==============|___/=/_/_/_/
 :: Spring Boot ::                (v2.4.1)

2022-12-26 22:37:49.522  INFO 14652 --- [    Test worker] c.j.b.s.web.HelloControllerTest          : Starting HelloControllerTest using Java 1.8.0_321 on DESKTOP-VLJSDAO with PID 14652 (started by whwwh in C:\Users\whwwh\OneDrive\바탕 화면\freelec-springboot2-webservice)
2022-12-26 22:37:49.523  INFO 14652 --- [    Test worker] c.j.b.s.web.HelloControllerTest          : No active profile set, falling back to default profiles: default
2022-12-26 22:37:49.937  INFO 14652 --- [    Test worker] o.s.s.concurrent.ThreadPoolTaskExecutor  : Initializing ExecutorService 'applicationTaskExecutor'
2022-12-26 22:37:49.970  INFO 14652 --- [    Test worker] o.s.b.a.w.s.WelcomePageHandlerMapping    : Adding welcome page template: index
2022-12-26 22:37:50.294  INFO 14652 --- [    Test worker] o.s.s.web.DefaultSecurityFilterChain     : Will secure any request with [org.springframework.security.web.context.request.async.WebAsyncManagerIntegrationFilter@751e84be, org.springframework.security.web.context.SecurityContextPersistenceFilter@3a2ff031, org.springframework.security.web.header.HeaderWriterFilter@1ea89100, org.springframework.security.web.csrf.CsrfFilter@7ba1d5ea, org.springframework.security.web.authentication.logout.LogoutFilter@36ea5afb, org.springframework.security.oauth2.client.web.OAuth2AuthorizationRequestRedirectFilter@7ffd6e0b, org.springframework.security.oauth2.client.web.OAuth2AuthorizationRequestRedirectFilter@dd043be, org.springframework.security.oauth2.client.web.OAuth2LoginAuthenticationFilter@37ca4d74, org.springframework.security.web.authentication.ui.DefaultLoginPageGeneratingFilter@5feea6ce, org.springframework.security.web.authentication.ui.DefaultLogoutPageGeneratingFilter@6436ddea, org.springframework.security.web.savedrequest.RequestCacheAwareFilter@5a166f7f, org.springframework.security.web.servletapi.SecurityContextHolderAwareRequestFilter@ecc5ac, org.springframework.security.web.authentication.AnonymousAuthenticationFilter@1a90cbfd, org.springframework.security.oauth2.client.web.OAuth2AuthorizationCodeGrantFilter@2c0a5a53, org.springframework.security.web.session.SessionManagementFilter@6bd309ba, org.springframework.security.web.access.ExceptionTranslationFilter@7853114a, org.springframework.security.web.access.intercept.FilterSecurityInterceptor@88a7639]
2022-12-26 22:37:50.405  INFO 14652 --- [    Test worker] o.s.b.t.m.w.SpringBootMockServletContext : Initializing Spring TestDispatcherServlet ''
2022-12-26 22:37:50.405  INFO 14652 --- [    Test worker] o.s.t.web.servlet.TestDispatcherServlet  : Initializing Servlet ''
2022-12-26 22:37:50.406  INFO 14652 --- [    Test worker] o.s.t.web.servlet.TestDispatcherServlet  : Completed initialization in 0 ms
2022-12-26 22:37:50.422  INFO 14652 --- [    Test worker] c.j.b.s.web.HelloControllerTest          : Started HelloControllerTest in 0.931 seconds (JVM running for 9.85)
]]></system-out>
  <system-err><![CDATA[]]></system-err>
</testsuite>
