<?xml version="1.0" encoding="UTF-8"?>
<testsuite name="com.jojoldu.book.springboot.web.HelloControllerTest" tests="2" skipped="0" failures="0" errors="0" timestamp="2022-12-27T10:48:44" hostname="DESKTOP-VLJSDAO" time="0.184">
  <properties/>
  <testcase name="hellodto가_리턴된다()" classname="com.jojoldu.book.springboot.web.HelloControllerTest" time="0.17"/>
  <testcase name="hello가_리턴된다()" classname="com.jojoldu.book.springboot.web.HelloControllerTest" time="0.011"/>
  <system-out><![CDATA[2022-12-27 19:48:43.335  INFO 16336 --- [    Test worker] .b.t.a.w.s.WebMvcTestContextBootstrapper : Neither @ContextConfiguration nor @ContextHierarchy found for test class [com.jojoldu.book.springboot.web.HelloControllerTest], using SpringBootContextLoader
2022-12-27 19:48:43.336  INFO 16336 --- [    Test worker] o.s.t.c.support.AbstractContextLoader    : Could not detect default resource locations for test class [com.jojoldu.book.springboot.web.HelloControllerTest]: no resource found for suffixes {-context.xml, Context.groovy}.
2022-12-27 19:48:43.337  INFO 16336 --- [    Test worker] t.c.s.AnnotationConfigContextLoaderUtils : Could not detect default configuration classes for test class [com.jojoldu.book.springboot.web.HelloControllerTest]: HelloControllerTest does not declare any static, non-private, non-final, nested classes annotated with @Configuration.
2022-12-27 19:48:43.368  INFO 16336 --- [    Test worker] .b.t.c.SpringBootTestContextBootstrapper : Found @SpringBootConfiguration com.jojoldu.book.springboot.Application for test class com.jojoldu.book.springboot.web.HelloControllerTest
2022-12-27 19:48:43.370  INFO 16336 --- [    Test worker] .b.t.a.w.s.WebMvcTestContextBootstrapper : Loaded default TestExecutionListener class names from location [META-INF/spring.factories]: [org.springframework.security.test.context.support.WithSecurityContextTestExecutionListener, org.springframework.security.test.context.support.ReactorContextTestExecutionListener, org.springframework.boot.test.autoconfigure.restdocs.RestDocsTestExecutionListener, org.springframework.boot.test.autoconfigure.web.client.MockRestServiceServerResetTestExecutionListener, org.springframework.boot.test.autoconfigure.web.servlet.MockMvcPrintOnlyOnFailureTestExecutionListener, org.springframework.boot.test.autoconfigure.web.servlet.WebDriverTestExecutionListener, org.springframework.boot.test.autoconfigure.webservices.client.MockWebServiceServerTestExecutionListener, org.springframework.boot.test.mock.mockito.MockitoTestExecutionListener, org.springframework.boot.test.mock.mockito.ResetMocksTestExecutionListener, org.springframework.test.context.web.ServletTestExecutionListener, org.springframework.test.context.support.DirtiesContextBeforeModesTestExecutionListener, org.springframework.test.context.support.DependencyInjectionTestExecutionListener, org.springframework.test.context.support.DirtiesContextTestExecutionListener, org.springframework.test.context.transaction.TransactionalTestExecutionListener, org.springframework.test.context.jdbc.SqlScriptsTestExecutionListener, org.springframework.test.context.event.EventPublishingTestExecutionListener]
2022-12-27 19:48:43.372  INFO 16336 --- [    Test worker] .b.t.a.w.s.WebMvcTestContextBootstrapper : Using TestExecutionListeners: [org.springframework.test.context.web.ServletTestExecutionListener@775ca201, org.springframework.test.context.support.DirtiesContextBeforeModesTestExecutionListener@1c6618a7, org.springframework.boot.test.mock.mockito.MockitoTestExecutionListener@1c0de59a, org.springframework.boot.test.autoconfigure.SpringBootDependencyInjectionTestExecutionListener@6e35e61c, org.springframework.test.context.support.DirtiesContextTestExecutionListener@7c6b0d71, org.springframework.test.context.transaction.TransactionalTestExecutionListener@50e4817b, org.springframework.test.context.jdbc.SqlScriptsTestExecutionListener@23b69fc8, org.springframework.security.test.context.support.WithSecurityContextTestExecutionListener@627298a4, org.springframework.test.context.event.EventPublishingTestExecutionListener@4656011e, org.springframework.security.test.context.support.ReactorContextTestExecutionListener@32cdaff6, org.springframework.boot.test.autoconfigure.restdocs.RestDocsTestExecutionListener@25122eb8, org.springframework.boot.test.autoconfigure.web.client.MockRestServiceServerResetTestExecutionListener@53d32506, org.springframework.boot.test.autoconfigure.web.servlet.MockMvcPrintOnlyOnFailureTestExecutionListener@25fb8093, org.springframework.boot.test.autoconfigure.web.servlet.WebDriverTestExecutionListener@7a9629c5, org.springframework.boot.test.autoconfigure.webservices.client.MockWebServiceServerTestExecutionListener@4e45bfc1, org.springframework.boot.test.mock.mockito.ResetMocksTestExecutionListener@474581a]

  .   ____          _            __ _ _
 /\\ / ___'_ __ _ _(_)_ __  __ _ \ \ \ \
( ( )\___ | '_ | '_| | '_ \/ _` | \ \ \ \
 \\/  ___)| |_)| | | | | || (_| |  ) ) ) )
  '  |____| .__|_| |_|_| |_\__, | / / / /
 =========|_|==============|___/=/_/_/_/
 :: Spring Boot ::                (v2.4.1)

2022-12-27 19:48:43.411  INFO 16336 --- [    Test worker] c.j.b.s.web.HelloControllerTest          : Starting HelloControllerTest using Java 1.8.0_321 on DESKTOP-VLJSDAO with PID 16336 (started by whwwh in C:\Users\whwwh\OneDrive\바탕 화면\freelec-springboot2-webservice)
2022-12-27 19:48:43.412  INFO 16336 --- [    Test worker] c.j.b.s.web.HelloControllerTest          : No active profile set, falling back to default profiles: default
2022-12-27 19:48:43.844  INFO 16336 --- [    Test worker] o.s.s.concurrent.ThreadPoolTaskExecutor  : Initializing ExecutorService 'applicationTaskExecutor'
2022-12-27 19:48:43.879  INFO 16336 --- [    Test worker] o.s.b.a.w.s.WelcomePageHandlerMapping    : Adding welcome page template: index
2022-12-27 19:48:44.192  INFO 16336 --- [    Test worker] o.s.s.web.DefaultSecurityFilterChain     : Will secure any request with [org.springframework.security.web.context.request.async.WebAsyncManagerIntegrationFilter@4583846f, org.springframework.security.web.context.SecurityContextPersistenceFilter@561cee35, org.springframework.security.web.header.HeaderWriterFilter@3b0052ca, org.springframework.security.web.csrf.CsrfFilter@6fd8f67a, org.springframework.security.web.authentication.logout.LogoutFilter@12df5db8, org.springframework.security.oauth2.client.web.OAuth2AuthorizationRequestRedirectFilter@2011b1aa, org.springframework.security.oauth2.client.web.OAuth2AuthorizationRequestRedirectFilter@65a16bc1, org.springframework.security.oauth2.client.web.OAuth2LoginAuthenticationFilter@2f13644f, org.springframework.security.web.authentication.ui.DefaultLoginPageGeneratingFilter@191f89e6, org.springframework.security.web.authentication.ui.DefaultLogoutPageGeneratingFilter@10b03c76, org.springframework.security.web.savedrequest.RequestCacheAwareFilter@11a34d08, org.springframework.security.web.servletapi.SecurityContextHolderAwareRequestFilter@288cdbf4, org.springframework.security.web.authentication.AnonymousAuthenticationFilter@2a6735cd, org.springframework.security.oauth2.client.web.OAuth2AuthorizationCodeGrantFilter@639b3ecb, org.springframework.security.web.session.SessionManagementFilter@134308f6, org.springframework.security.web.access.ExceptionTranslationFilter@6eb529af, org.springframework.security.web.access.intercept.FilterSecurityInterceptor@62434f4a]
2022-12-27 19:48:44.298  INFO 16336 --- [    Test worker] o.s.b.t.m.w.SpringBootMockServletContext : Initializing Spring TestDispatcherServlet ''
2022-12-27 19:48:44.298  INFO 16336 --- [    Test worker] o.s.t.web.servlet.TestDispatcherServlet  : Initializing Servlet ''
2022-12-27 19:48:44.299  INFO 16336 --- [    Test worker] o.s.t.web.servlet.TestDispatcherServlet  : Completed initialization in 1 ms
2022-12-27 19:48:44.325  INFO 16336 --- [    Test worker] c.j.b.s.web.HelloControllerTest          : Started HelloControllerTest in 0.95 seconds (JVM running for 9.566)
]]></system-out>
  <system-err><![CDATA[]]></system-err>
</testsuite>
