<?xml version="1.0" encoding="UTF-8"?>
<testsuite name="com.jojoldu.book.springboot.web.PostsApiControllerTest" tests="2" skipped="0" failures="0" errors="0" timestamp="2022-12-26T13:37:53" hostname="DESKTOP-VLJSDAO" time="0.123">
  <properties/>
  <testcase name="Posts_등록된다()" classname="com.jojoldu.book.springboot.web.PostsApiControllerTest" time="0.087"/>
  <testcase name="Posts_수정된다()" classname="com.jojoldu.book.springboot.web.PostsApiControllerTest" time="0.035"/>
  <system-out><![CDATA[2022-12-26 22:37:53.014  INFO 14652 --- [    Test worker] .b.t.c.SpringBootTestContextBootstrapper : Neither @ContextConfiguration nor @ContextHierarchy found for test class [com.jojoldu.book.springboot.web.PostsApiControllerTest], using SpringBootContextLoader
2022-12-26 22:37:53.015  INFO 14652 --- [    Test worker] o.s.t.c.support.AbstractContextLoader    : Could not detect default resource locations for test class [com.jojoldu.book.springboot.web.PostsApiControllerTest]: no resource found for suffixes {-context.xml, Context.groovy}.
2022-12-26 22:37:53.015  INFO 14652 --- [    Test worker] t.c.s.AnnotationConfigContextLoaderUtils : Could not detect default configuration classes for test class [com.jojoldu.book.springboot.web.PostsApiControllerTest]: PostsApiControllerTest does not declare any static, non-private, non-final, nested classes annotated with @Configuration.
2022-12-26 22:37:53.018  INFO 14652 --- [    Test worker] .b.t.c.SpringBootTestContextBootstrapper : Found @SpringBootConfiguration com.jojoldu.book.springboot.Application for test class com.jojoldu.book.springboot.web.PostsApiControllerTest
2022-12-26 22:37:53.019  INFO 14652 --- [    Test worker] .b.t.c.SpringBootTestContextBootstrapper : Loaded default TestExecutionListener class names from location [META-INF/spring.factories]: [org.springframework.security.test.context.support.WithSecurityContextTestExecutionListener, org.springframework.security.test.context.support.ReactorContextTestExecutionListener, org.springframework.boot.test.autoconfigure.restdocs.RestDocsTestExecutionListener, org.springframework.boot.test.autoconfigure.web.client.MockRestServiceServerResetTestExecutionListener, org.springframework.boot.test.autoconfigure.web.servlet.MockMvcPrintOnlyOnFailureTestExecutionListener, org.springframework.boot.test.autoconfigure.web.servlet.WebDriverTestExecutionListener, org.springframework.boot.test.autoconfigure.webservices.client.MockWebServiceServerTestExecutionListener, org.springframework.boot.test.mock.mockito.MockitoTestExecutionListener, org.springframework.boot.test.mock.mockito.ResetMocksTestExecutionListener, org.springframework.test.context.web.ServletTestExecutionListener, org.springframework.test.context.support.DirtiesContextBeforeModesTestExecutionListener, org.springframework.test.context.support.DependencyInjectionTestExecutionListener, org.springframework.test.context.support.DirtiesContextTestExecutionListener, org.springframework.test.context.transaction.TransactionalTestExecutionListener, org.springframework.test.context.jdbc.SqlScriptsTestExecutionListener, org.springframework.test.context.event.EventPublishingTestExecutionListener]
2022-12-26 22:37:53.021  INFO 14652 --- [    Test worker] .b.t.c.SpringBootTestContextBootstrapper : Using TestExecutionListeners: [org.springframework.test.context.web.ServletTestExecutionListener@2e5b3a17, org.springframework.test.context.support.DirtiesContextBeforeModesTestExecutionListener@aa82540, org.springframework.boot.test.mock.mockito.MockitoTestExecutionListener@20e3422e, org.springframework.boot.test.autoconfigure.SpringBootDependencyInjectionTestExecutionListener@3823555d, org.springframework.test.context.support.DirtiesContextTestExecutionListener@4fdf4bcc, org.springframework.test.context.transaction.TransactionalTestExecutionListener@416f552, org.springframework.test.context.jdbc.SqlScriptsTestExecutionListener@3e5e25cc, org.springframework.security.test.context.support.WithSecurityContextTestExecutionListener@1c7516e7, org.springframework.test.context.event.EventPublishingTestExecutionListener@29c1af8e, org.springframework.security.test.context.support.ReactorContextTestExecutionListener@1a4e6381, org.springframework.boot.test.autoconfigure.restdocs.RestDocsTestExecutionListener@55f14541, org.springframework.boot.test.autoconfigure.web.client.MockRestServiceServerResetTestExecutionListener@6107a336, org.springframework.boot.test.autoconfigure.web.servlet.MockMvcPrintOnlyOnFailureTestExecutionListener@451ecd47, org.springframework.boot.test.autoconfigure.web.servlet.WebDriverTestExecutionListener@2ca5ec0e, org.springframework.boot.test.autoconfigure.webservices.client.MockWebServiceServerTestExecutionListener@73a17f96, org.springframework.boot.test.mock.mockito.ResetMocksTestExecutionListener@2fe36cc7]
2022-12-26 22:37:53.034  INFO 14652 --- [    Test worker] o.a.c.c.C.[Tomcat].[localhost].[/]       : Initializing Spring TestDispatcherServlet ''
2022-12-26 22:37:53.034  INFO 14652 --- [    Test worker] o.s.t.web.servlet.TestDispatcherServlet  : Initializing Servlet ''
2022-12-26 22:37:53.035  INFO 14652 --- [    Test worker] o.s.t.web.servlet.TestDispatcherServlet  : Completed initialization in 1 ms
2022-12-26 22:37:53.117  INFO 14652 --- [    Test worker] o.a.c.c.C.[Tomcat].[localhost].[/]       : Initializing Spring TestDispatcherServlet ''
2022-12-26 22:37:53.118  INFO 14652 --- [    Test worker] o.s.t.web.servlet.TestDispatcherServlet  : Initializing Servlet ''
2022-12-26 22:37:53.118  INFO 14652 --- [    Test worker] o.s.t.web.servlet.TestDispatcherServlet  : Completed initialization in 0 ms
]]></system-out>
  <system-err><![CDATA[]]></system-err>
</testsuite>
